[20-Apr-2017 16:24:32 UTC] PHP Warning:  require(/var/www/html/mautic/app/../vendor/autoload.php): failed to open stream: No such file or directory in /var/www/html/mautic/app/autoload.php on line 15
[20-Apr-2017 16:24:32 UTC] PHP Fatal error:  require(): Failed opening required '/var/www/html/mautic/app/../vendor/autoload.php' (include_path='.:/usr/share/pear:/usr/share/php') in /var/www/html/mautic/app/autoload.php on line 15
[23-Apr-2017 09:15:36 UTC] PHP Warning:  SessionHandler::read(): open(/var/lib/php/session/sess_bd9iuaganq1ufip1upg199nel4, O_RDWR) failed: Permission denied (13) in /var/www/html/mautic/vendor/symfony/http-foundation/Session/Storage/Proxy/SessionHandlerProxy.php on line 69
[23-Apr-2017 09:15:37 UTC] PHP Warning:  SessionHandler::write(): open(/var/lib/php/session/sess_bd9iuaganq1ufip1upg199nel4, O_RDWR) failed: Permission denied (13) in /var/www/html/mautic/vendor/symfony/http-foundation/Session/Storage/Proxy/SessionHandlerProxy.php on line 77
[23-Apr-2017 09:15:37 UTC] PHP Warning:  session_write_close(): Failed to write session data (user). Please verify that the current setting of session.save_path is correct (/var/lib/php/session) in /var/www/html/mautic/vendor/symfony/http-foundation/Session/Storage/NativeSessionStorage.php on line 226
[23-Apr-2017 09:17:09 UTC] PHP Warning:  SessionHandler::read(): open(/var/lib/php/session/sess_bd9iuaganq1ufip1upg199nel4, O_RDWR) failed: Permission denied (13) in /var/www/html/mautic/vendor/symfony/http-foundation/Session/Storage/Proxy/SessionHandlerProxy.php on line 69
[23-Apr-2017 09:17:09 UTC] PHP Warning:  SessionHandler::write(): open(/var/lib/php/session/sess_bd9iuaganq1ufip1upg199nel4, O_RDWR) failed: Permission denied (13) in /var/www/html/mautic/vendor/symfony/http-foundation/Session/Storage/Proxy/SessionHandlerProxy.php on line 77
[23-Apr-2017 09:17:09 UTC] PHP Warning:  session_write_close(): Failed to write session data (user). Please verify that the current setting of session.save_path is correct (/var/lib/php/session) in /var/www/html/mautic/vendor/symfony/http-foundation/Session/Storage/NativeSessionStorage.php on line 226
[23-Apr-2017 09:17:19 UTC] PHP Warning:  SessionHandler::read(): open(/var/lib/php/session/sess_bd9iuaganq1ufip1upg199nel4, O_RDWR) failed: Permission denied (13) in /var/www/html/mautic/vendor/symfony/http-foundation/Session/Storage/Proxy/SessionHandlerProxy.php on line 69
[23-Apr-2017 09:17:19 UTC] PHP Warning:  SessionHandler::write(): open(/var/lib/php/session/sess_bd9iuaganq1ufip1upg199nel4, O_RDWR) failed: Permission denied (13) in /var/www/html/mautic/vendor/symfony/http-foundation/Session/Storage/Proxy/SessionHandlerProxy.php on line 77
[23-Apr-2017 09:17:19 UTC] PHP Warning:  session_write_close(): Failed to write session data (user). Please verify that the current setting of session.save_path is correct (/var/lib/php/session) in /var/www/html/mautic/vendor/symfony/http-foundation/Session/Storage/NativeSessionStorage.php on line 226
[23-Apr-2017 09:18:47 UTC] PHP Warning:  SessionHandler::read(): open(/var/lib/php/session/sess_bd9iuaganq1ufip1upg199nel4, O_RDWR) failed: Permission denied (13) in /var/www/html/mautic/vendor/symfony/http-foundation/Session/Storage/Proxy/SessionHandlerProxy.php on line 69
[23-Apr-2017 09:18:47 UTC] PHP Warning:  SessionHandler::write(): open(/var/lib/php/session/sess_bd9iuaganq1ufip1upg199nel4, O_RDWR) failed: Permission denied (13) in /var/www/html/mautic/vendor/symfony/http-foundation/Session/Storage/Proxy/SessionHandlerProxy.php on line 77
[23-Apr-2017 09:18:47 UTC] PHP Warning:  session_write_close(): Failed to write session data (user). Please verify that the current setting of session.save_path is correct (/var/lib/php/session) in /var/www/html/mautic/vendor/symfony/http-foundation/Session/Storage/NativeSessionStorage.php on line 226
[23-Apr-2017 09:25:08 UTC] PHP Warning:  SessionHandler::read(): open(/var/lib/php/session/sess_bd9iuaganq1ufip1upg199nel4, O_RDWR) failed: Permission denied (13) in /var/www/html/mautic/vendor/symfony/http-foundation/Session/Storage/Proxy/SessionHandlerProxy.php on line 69
[23-Apr-2017 09:25:09 UTC] PHP Warning:  SessionHandler::write(): open(/var/lib/php/session/sess_bd9iuaganq1ufip1upg199nel4, O_RDWR) failed: Permission denied (13) in /var/www/html/mautic/vendor/symfony/http-foundation/Session/Storage/Proxy/SessionHandlerProxy.php on line 77
[23-Apr-2017 09:25:09 UTC] PHP Warning:  session_write_close(): Failed to write session data (user). Please verify that the current setting of session.save_path is correct (/var/lib/php/session) in /var/www/html/mautic/vendor/symfony/http-foundation/Session/Storage/NativeSessionStorage.php on line 226
[23-Apr-2017 09:26:45 UTC] PHP Warning:  SessionHandler::read(): open(/var/lib/php/session/sess_bd9iuaganq1ufip1upg199nel4, O_RDWR) failed: Permission denied (13) in /var/www/html/mautic/vendor/symfony/http-foundation/Session/Storage/Proxy/SessionHandlerProxy.php on line 69
[23-Apr-2017 09:26:46 UTC] PHP Warning:  SessionHandler::write(): open(/var/lib/php/session/sess_bd9iuaganq1ufip1upg199nel4, O_RDWR) failed: Permission denied (13) in /var/www/html/mautic/vendor/symfony/http-foundation/Session/Storage/Proxy/SessionHandlerProxy.php on line 77
[23-Apr-2017 09:26:46 UTC] PHP Warning:  session_write_close(): Failed to write session data (user). Please verify that the current setting of session.save_path is correct (/var/lib/php/session) in /var/www/html/mautic/vendor/symfony/http-foundation/Session/Storage/NativeSessionStorage.php on line 226
[23-Apr-2017 09:38:20 UTC] PHP Warning:  SessionHandler::read(): open(/var/lib/php/session/sess_bd9iuaganq1ufip1upg199nel4, O_RDWR) failed: Permission denied (13) in /var/www/html/mautic/vendor/symfony/http-foundation/Session/Storage/Proxy/SessionHandlerProxy.php on line 69
[23-Apr-2017 09:38:21 UTC] PHP Warning:  SessionHandler::write(): open(/var/lib/php/session/sess_bd9iuaganq1ufip1upg199nel4, O_RDWR) failed: Permission denied (13) in /var/www/html/mautic/vendor/symfony/http-foundation/Session/Storage/Proxy/SessionHandlerProxy.php on line 77
[23-Apr-2017 09:38:21 UTC] PHP Warning:  session_write_close(): Failed to write session data (user). Please verify that the current setting of session.save_path is correct (/var/lib/php/session) in /var/www/html/mautic/vendor/symfony/http-foundation/Session/Storage/NativeSessionStorage.php on line 226
[23-Apr-2017 09:39:21 UTC] PHP Warning:  SessionHandler::read(): open(/var/lib/php/session/sess_bd9iuaganq1ufip1upg199nel4, O_RDWR) failed: Permission denied (13) in /var/www/html/mautic/vendor/symfony/http-foundation/Session/Storage/Proxy/SessionHandlerProxy.php on line 69
[23-Apr-2017 09:39:21 UTC] PHP Warning:  SessionHandler::write(): open(/var/lib/php/session/sess_bd9iuaganq1ufip1upg199nel4, O_RDWR) failed: Permission denied (13) in /var/www/html/mautic/vendor/symfony/http-foundation/Session/Storage/Proxy/SessionHandlerProxy.php on line 77
[23-Apr-2017 09:39:21 UTC] PHP Warning:  session_write_close(): Failed to write session data (user). Please verify that the current setting of session.save_path is correct (/var/lib/php/session) in /var/www/html/mautic/vendor/symfony/http-foundation/Session/Storage/NativeSessionStorage.php on line 226
[23-Apr-2017 09:53:13 UTC] PHP Warning:  SessionHandler::read(): open(/var/lib/php/session/sess_bd9iuaganq1ufip1upg199nel4, O_RDWR) failed: Permission denied (13) in /var/www/html/mautic/vendor/symfony/http-foundation/Session/Storage/Proxy/SessionHandlerProxy.php on line 69
[23-Apr-2017 09:53:13 UTC] PHP Warning:  SessionHandler::write(): open(/var/lib/php/session/sess_bd9iuaganq1ufip1upg199nel4, O_RDWR) failed: Permission denied (13) in /var/www/html/mautic/vendor/symfony/http-foundation/Session/Storage/Proxy/SessionHandlerProxy.php on line 77
[23-Apr-2017 09:53:13 UTC] PHP Warning:  session_write_close(): Failed to write session data (user). Please verify that the current setting of session.save_path is correct (/var/lib/php/session) in /var/www/html/mautic/vendor/symfony/http-foundation/Session/Storage/NativeSessionStorage.php on line 226
[23-Apr-2017 09:54:22 UTC] PHP Warning:  SessionHandler::read(): open(/var/lib/php/session/sess_bd9iuaganq1ufip1upg199nel4, O_RDWR) failed: Permission denied (13) in /var/www/html/mautic/vendor/symfony/http-foundation/Session/Storage/Proxy/SessionHandlerProxy.php on line 69
[23-Apr-2017 09:54:22 UTC] PHP Warning:  SessionHandler::write(): open(/var/lib/php/session/sess_bd9iuaganq1ufip1upg199nel4, O_RDWR) failed: Permission denied (13) in /var/www/html/mautic/vendor/symfony/http-foundation/Session/Storage/Proxy/SessionHandlerProxy.php on line 77
[23-Apr-2017 09:54:22 UTC] PHP Warning:  session_write_close(): Failed to write session data (user). Please verify that the current setting of session.save_path is correct (/var/lib/php/session) in /var/www/html/mautic/vendor/symfony/http-foundation/Session/Storage/NativeSessionStorage.php on line 226
[23-Apr-2017 11:19:03 UTC] PHP Warning:  SessionHandler::read(): open(/var/lib/php/session/sess_bd9iuaganq1ufip1upg199nel4, O_RDWR) failed: Permission denied (13) in /var/www/html/mautic/vendor/symfony/http-foundation/Session/Storage/Proxy/SessionHandlerProxy.php on line 69
[23-Apr-2017 11:19:03 UTC] PHP Warning:  SessionHandler::write(): open(/var/lib/php/session/sess_bd9iuaganq1ufip1upg199nel4, O_RDWR) failed: Permission denied (13) in /var/www/html/mautic/vendor/symfony/http-foundation/Session/Storage/Proxy/SessionHandlerProxy.php on line 77
[23-Apr-2017 11:19:03 UTC] PHP Warning:  session_write_close(): Failed to write session data (user). Please verify that the current setting of session.save_path is correct (/var/lib/php/session) in /var/www/html/mautic/vendor/symfony/http-foundation/Session/Storage/NativeSessionStorage.php on line 226
[23-Apr-2017 11:18:54 UTC] PHP Warning:  SessionHandler::read(): open(/var/lib/php/session/sess_bd9iuaganq1ufip1upg199nel4, O_RDWR) failed: Permission denied (13) in /var/www/html/mautic/vendor/symfony/http-foundation/Session/Storage/Proxy/SessionHandlerProxy.php on line 69
[23-Apr-2017 11:18:55 UTC] PHP Warning:  SessionHandler::write(): open(/var/lib/php/session/sess_bd9iuaganq1ufip1upg199nel4, O_RDWR) failed: Permission denied (13) in /var/www/html/mautic/vendor/symfony/http-foundation/Session/Storage/Proxy/SessionHandlerProxy.php on line 77
[23-Apr-2017 11:18:55 UTC] PHP Warning:  session_write_close(): Failed to write session data (user). Please verify that the current setting of session.save_path is correct (/var/lib/php/session) in /var/www/html/mautic/vendor/symfony/http-foundation/Session/Storage/NativeSessionStorage.php on line 226
[23-Apr-2017 11:19:08 UTC] PHP Warning:  SessionHandler::read(): open(/var/lib/php/session/sess_bd9iuaganq1ufip1upg199nel4, O_RDWR) failed: Permission denied (13) in /var/www/html/mautic/vendor/symfony/http-foundation/Session/Storage/Proxy/SessionHandlerProxy.php on line 69
[23-Apr-2017 11:19:08 UTC] PHP Warning:  SessionHandler::write(): open(/var/lib/php/session/sess_bd9iuaganq1ufip1upg199nel4, O_RDWR) failed: Permission denied (13) in /var/www/html/mautic/vendor/symfony/http-foundation/Session/Storage/Proxy/SessionHandlerProxy.php on line 77
[23-Apr-2017 11:19:08 UTC] PHP Warning:  session_write_close(): Failed to write session data (user). Please verify that the current setting of session.save_path is correct (/var/lib/php/session) in /var/www/html/mautic/vendor/symfony/http-foundation/Session/Storage/NativeSessionStorage.php on line 226
[23-Apr-2017 11:20:45 UTC] PHP Warning:  SessionHandler::read(): open(/var/lib/php/session/sess_bd9iuaganq1ufip1upg199nel4, O_RDWR) failed: Permission denied (13) in /var/www/html/mautic/vendor/symfony/http-foundation/Session/Storage/Proxy/SessionHandlerProxy.php on line 69
[23-Apr-2017 11:20:46 UTC] PHP Warning:  SessionHandler::write(): open(/var/lib/php/session/sess_bd9iuaganq1ufip1upg199nel4, O_RDWR) failed: Permission denied (13) in /var/www/html/mautic/vendor/symfony/http-foundation/Session/Storage/Proxy/SessionHandlerProxy.php on line 77
[23-Apr-2017 11:20:46 UTC] PHP Warning:  session_write_close(): Failed to write session data (user). Please verify that the current setting of session.save_path is correct (/var/lib/php/session) in /var/www/html/mautic/vendor/symfony/http-foundation/Session/Storage/NativeSessionStorage.php on line 226
[23-Apr-2017 11:26:46 UTC] PHP Warning:  SessionHandler::read(): open(/var/lib/php/session/sess_bd9iuaganq1ufip1upg199nel4, O_RDWR) failed: Permission denied (13) in /var/www/html/mautic/vendor/symfony/http-foundation/Session/Storage/Proxy/SessionHandlerProxy.php on line 69
[23-Apr-2017 11:26:47 UTC] PHP Warning:  SessionHandler::write(): open(/var/lib/php/session/sess_bd9iuaganq1ufip1upg199nel4, O_RDWR) failed: Permission denied (13) in /var/www/html/mautic/vendor/symfony/http-foundation/Session/Storage/Proxy/SessionHandlerProxy.php on line 77
[23-Apr-2017 11:26:47 UTC] PHP Warning:  session_write_close(): Failed to write session data (user). Please verify that the current setting of session.save_path is correct (/var/lib/php/session) in /var/www/html/mautic/vendor/symfony/http-foundation/Session/Storage/NativeSessionStorage.php on line 226
[23-Apr-2017 11:52:46 UTC] PHP Warning:  SessionHandler::read(): open(/var/lib/php/session/sess_bd9iuaganq1ufip1upg199nel4, O_RDWR) failed: Permission denied (13) in /var/www/html/mautic/vendor/symfony/http-foundation/Session/Storage/Proxy/SessionHandlerProxy.php on line 69
[23-Apr-2017 11:52:47 UTC] PHP Warning:  SessionHandler::write(): open(/var/lib/php/session/sess_bd9iuaganq1ufip1upg199nel4, O_RDWR) failed: Permission denied (13) in /var/www/html/mautic/vendor/symfony/http-foundation/Session/Storage/Proxy/SessionHandlerProxy.php on line 77
[23-Apr-2017 11:52:47 UTC] PHP Warning:  session_write_close(): Failed to write session data (user). Please verify that the current setting of session.save_path is correct (/var/lib/php/session) in /var/www/html/mautic/vendor/symfony/http-foundation/Session/Storage/NativeSessionStorage.php on line 226
[23-Apr-2017 12:19:54 UTC] PHP Warning:  SessionHandler::read(): open(/var/lib/php/session/sess_bd9iuaganq1ufip1upg199nel4, O_RDWR) failed: Permission denied (13) in /var/www/html/mautic/vendor/symfony/http-foundation/Session/Storage/Proxy/SessionHandlerProxy.php on line 69
[23-Apr-2017 12:19:55 UTC] PHP Warning:  SessionHandler::write(): open(/var/lib/php/session/sess_bd9iuaganq1ufip1upg199nel4, O_RDWR) failed: Permission denied (13) in /var/www/html/mautic/vendor/symfony/http-foundation/Session/Storage/Proxy/SessionHandlerProxy.php on line 77
[23-Apr-2017 12:19:55 UTC] PHP Warning:  session_write_close(): Failed to write session data (user). Please verify that the current setting of session.save_path is correct (/var/lib/php/session) in /var/www/html/mautic/vendor/symfony/http-foundation/Session/Storage/NativeSessionStorage.php on line 226
[23-Apr-2017 12:21:05 UTC] PHP Warning:  SessionHandler::read(): open(/var/lib/php/session/sess_bd9iuaganq1ufip1upg199nel4, O_RDWR) failed: Permission denied (13) in /var/www/html/mautic/vendor/symfony/http-foundation/Session/Storage/Proxy/SessionHandlerProxy.php on line 69
[23-Apr-2017 12:21:06 UTC] PHP Warning:  SessionHandler::write(): open(/var/lib/php/session/sess_bd9iuaganq1ufip1upg199nel4, O_RDWR) failed: Permission denied (13) in /var/www/html/mautic/vendor/symfony/http-foundation/Session/Storage/Proxy/SessionHandlerProxy.php on line 77
[23-Apr-2017 12:21:06 UTC] PHP Warning:  session_write_close(): Failed to write session data (user). Please verify that the current setting of session.save_path is correct (/var/lib/php/session) in /var/www/html/mautic/vendor/symfony/http-foundation/Session/Storage/NativeSessionStorage.php on line 226
